2024-12-08 13:07:53:753 [32minfo[39m: [32mNew user registered: suwatchoopradit@gmail.com[39m
2024-12-08 13:08:11:811 [32minfo[39m: [32mEmail verified for user: suwatchoopradit@gmail.com[39m
2024-12-08 13:08:47:847 [32minfo[39m: [32mUser logged in: suwatchoopradit@gmail.com[39m
2024-12-08 13:09:00:90 [32minfo[39m: [32mUser logged in: suwatchoopradit@gmail.com[39m
2024-12-08 13:14:40:1440 [32minfo[39m: [32mStarting login process[39m
2024-12-08 13:23:31:2331 [32minfo[39m: [32mLogin attempt for email: suwatchoopradit@gmail.com[39m
2024-12-08 13:23:32:2332 [32minfo[39m: [32mUser logged in successfully: suwatchoopradit@gmail.com[39m
2024-12-08 13:23:44:2344 [32minfo[39m: [32mLogin attempt for email: suwatchoopradit@gmail.com[39m
2024-12-08 13:23:45:2345 [32minfo[39m: [32mUser logged in successfully: suwatchoopradit@gmail.com[39m
2024-12-08 13:28:02:282 [32minfo[39m: [32mLogin attempt for email: suwatchoopradit@gmail.com[39m
2024-12-08 13:28:02:282 [32minfo[39m: [32mUser logged in successfully: suwatchoopradit@gmail.com[39m
2024-12-08 13:28:10:2810 [32minfo[39m: [32mLogin attempt for email: saiaungnyunt001@gmail.com[39m
2024-12-08 13:28:10:2810 [33mwarn[39m: [33mLogin failed: No user found with email - saiaungnyunt001@gmail.com[39m
2024-12-08 13:28:10:2810 [31merror[39m: [31mLogin error: Invalid credentials[39m
2024-12-08 13:28:12:2812 [32minfo[39m: [32mLogin attempt for email: saiaungnyunt001@gmail.com[39m
2024-12-08 13:28:12:2812 [33mwarn[39m: [33mLogin failed: No user found with email - saiaungnyunt001@gmail.com[39m
2024-12-08 13:28:12:2812 [31merror[39m: [31mLogin error: Invalid credentials[39m
2024-12-08 13:28:23:2823 [32minfo[39m: [32mLogin attempt for email: suwatchoopradit@gmail.com[39m
2024-12-08 13:28:23:2823 [32minfo[39m: [32mUser logged in successfully: suwatchoopradit@gmail.com[39m
2024-12-08 13:33:38:3338 [32minfo[39m: [32mLogin attempt for email: suwatchoopradit@gmail.com[39m
2024-12-08 13:33:39:3339 [32minfo[39m: [32mUser logged in successfully: suwatchoopradit@gmail.com[39m
2024-12-08 13:37:52:3752 [32minfo[39m: [32mLogin attempt for email: suwatchoopradit@gmail.com[39m
2024-12-08 13:37:52:3752 [32minfo[39m: [32mUser logged in successfully: suwatchoopradit@gmail.com[39m
2024-12-08 13:37:54:3754 [32minfo[39m: [32mLogin attempt for email: suwatchoopradit@gmail.com[39m
2024-12-08 13:37:54:3754 [32minfo[39m: [32mUser logged in successfully: suwatchoopradit@gmail.com[39m
2024-12-08 13:37:55:3755 [32minfo[39m: [32mLogin attempt for email: suwatchoopradit@gmail.com[39m
2024-12-08 13:37:55:3755 [32minfo[39m: [32mUser logged in successfully: suwatchoopradit@gmail.com[39m
2024-12-08 13:37:59:3759 [32minfo[39m: [32mLogin attempt for email: suwatchoopradit@gmail.com[39m
2024-12-08 13:38:00:380 [32minfo[39m: [32mUser logged in successfully: suwatchoopradit@gmail.com[39m
2024-12-08 13:39:46:3946 [32minfo[39m: [32mLogin attempt for email: suwatchoopradit@gmail.com[39m
2024-12-08 13:39:46:3946 [32minfo[39m: [32mUser logged in successfully: suwatchoopradit@gmail.com[39m
2024-12-08 13:39:48:3948 [32minfo[39m: [32mLogin attempt for email: suwatchoopradit@gmail.com[39m
2024-12-08 13:39:48:3948 [32minfo[39m: [32mUser logged in successfully: suwatchoopradit@gmail.com[39m
2024-12-08 13:39:48:3948 [32minfo[39m: [32mLogin attempt for email: suwatchoopradit@gmail.com[39m
2024-12-08 13:39:48:3948 [32minfo[39m: [32mUser logged in successfully: suwatchoopradit@gmail.com[39m
2024-12-08 13:39:48:3948 [32minfo[39m: [32mLogin attempt for email: suwatchoopradit@gmail.com[39m
2024-12-08 13:39:49:3949 [32minfo[39m: [32mUser logged in successfully: suwatchoopradit@gmail.com[39m
2024-12-08 13:39:49:3949 [32minfo[39m: [32mLogin attempt for email: suwatchoopradit@gmail.com[39m
2024-12-08 13:39:49:3949 [32minfo[39m: [32mUser logged in successfully: suwatchoopradit@gmail.com[39m
2024-12-08 13:39:49:3949 [32minfo[39m: [32mLogin attempt for email: suwatchoopradit@gmail.com[39m
2024-12-08 13:39:49:3949 [32minfo[39m: [32mUser logged in successfully: suwatchoopradit@gmail.com[39m
2024-12-08 13:39:50:3950 [32minfo[39m: [32mLogin attempt for email: suwatchoopradit@gmail.com[39m
2024-12-08 13:39:50:3950 [32minfo[39m: [32mUser logged in successfully: suwatchoopradit@gmail.com[39m
2024-12-08 13:39:50:3950 [32minfo[39m: [32mLogin attempt for email: suwatchoopradit@gmail.com[39m
2024-12-08 13:39:50:3950 [32minfo[39m: [32mUser logged in successfully: suwatchoopradit@gmail.com[39m
2024-12-08 13:44:49:4449 [32minfo[39m: [32mLogin attempt for email: suwatchoopradit@gmail.com[39m
2024-12-08 13:44:49:4449 [32minfo[39m: [32mUser logged in successfully: suwatchoopradit@gmail.com[39m
2024-12-08 13:49:38:4938 [32minfo[39m: [32mLogin attempt for email: suwatchoopradit@gmail.com[39m
2024-12-08 13:49:39:4939 [32minfo[39m: [32mUser logged in successfully: suwatchoopradit@gmail.com[39m
2024-12-08 13:50:21:5021 [32minfo[39m: [32mLogin attempt for email: suwatchoopradit@gmail.com[39m
2024-12-08 13:50:21:5021 [32minfo[39m: [32mUser logged in successfully: suwatchoopradit@gmail.com[39m
2024-12-08 13:56:35:5635 [32minfo[39m: [32mLogin attempt for email: suwatchoopradit@gmail.com[39m
2024-12-08 13:56:35:5635 [32minfo[39m: [32mUser logged in successfully: suwatchoopradit@gmail.com[39m
2024-12-08 13:58:43:5843 [32minfo[39m: [32mLogin attempt for email: suwatchoopradit@gmail.com[39m
2024-12-08 13:58:43:5843 [32minfo[39m: [32mUser logged in successfully: suwatchoopradit@gmail.com[39m
2024-12-08 14:00:55:055 [32minfo[39m: [32mRegistration attempt for email: suwatchoopradit@gmail.com[39m
2024-12-08 14:01:01:11 [32minfo[39m: [32mVerification email sent to: suwatchoopradit@gmail.com[39m
2024-12-08 14:01:01:11 [32minfo[39m: [32mNew user registered successfully: suwatchoopradit@gmail.com[39m
2024-12-08 14:01:24:124 [32minfo[39m: [32mEmail verified for user: suwatchoopradit@gmail.com[39m
2024-12-08 14:06:52:652 [32minfo[39m: [32mLogin attempt for email: suwatchoopradit@gmail.com[39m
2024-12-08 14:06:52:652 [33mwarn[39m: [33mLogin failed: No user found with email - suwatchoopradit@gmail.com[39m
2024-12-08 14:06:52:652 [31merror[39m: [31mLogin error: Invalid credentials[39m
2024-12-08 14:07:18:718 [32minfo[39m: [32mRegistration attempt for email: suwatchoopradit@gmail.com[39m
2024-12-08 14:07:22:722 [32minfo[39m: [32mVerification email sent to: suwatchoopradit@gmail.com[39m
2024-12-08 14:07:22:722 [32minfo[39m: [32mNew user registered successfully: suwatchoopradit@gmail.com[39m
2024-12-08 14:07:36:736 [32minfo[39m: [32mEmail verified for user: suwatchoopradit@gmail.com[39m
2024-12-08 14:09:43:943 [33mwarn[39m: [33mVerification failed: Invalid or expired token - 646b0d14af4320994a8a12729b6e42666a1b285a144f3bb193c33888bd46c51b[39m
2024-12-08 14:09:43:943 [31merror[39m: [31mVerification error: Invalid or expired verification token[39m
2024-12-08 14:53:57:5357 [32minfo[39m: [32mLogin attempt for email: suwatchoopradit@gmail.com[39m
2024-12-08 14:55:28:5528 [32minfo[39m: [32mLogin attempt for email: suwatchoopradit@gmail.com[39m
2024-12-08 14:55:28:5528 [32minfo[39m: [32mUser logged in successfully: suwatchoopradit@gmail.com[39m
2024-12-08 14:55:45:5545 [32minfo[39m: [32mLogin attempt for email: suwatchoopradit@gmail.com[39m
2024-12-08 14:55:45:5545 [32minfo[39m: [32mUser logged in successfully: suwatchoopradit@gmail.com[39m
2024-12-08 14:56:01:561 [32minfo[39m: [32mLogin attempt for email: suwatchoopradit@gmail.com[39m
2024-12-08 14:56:01:561 [32minfo[39m: [32mUser logged in successfully: suwatchoopradit@gmail.com[39m
2024-12-08 15:03:50:350 [32minfo[39m: [32mLogin attempt for email: suwatchoopradit@gmail.com[39m
2024-12-08 15:03:50:350 [32minfo[39m: [32mUser logged in successfully: suwatchoopradit@gmail.com[39m
2024-12-08 15:46:07:467 [32minfo[39m: [32mLogin attempt for email: suwatchoopradit@gmail.com[39m
2024-12-08 15:46:08:468 [32minfo[39m: [32mUser logged in successfully: suwatchoopradit@gmail.com[39m
2024-12-08 17:37:24:3724 [32minfo[39m: [32mLogin attempt for email: suwatchoopradit@gmail.com[39m
2024-12-08 17:37:24:3724 [32minfo[39m: [32mUser logged in successfully: suwatchoopradit@gmail.com[39m
2024-12-14 16:08:04:84 [32minfo[39m: [32mRegistration attempt for email: suwatchoopradit@gmail.com[39m
2024-12-14 16:08:07:87 [32minfo[39m: [32mVerification email sent to: suwatchoopradit@gmail.com[39m
2024-12-14 16:08:07:87 [32minfo[39m: [32mNew user registered successfully: suwatchoopradit@gmail.com[39m
2024-12-14 16:08:26:826 [32minfo[39m: [32mEmail verified for user: suwatchoopradit@gmail.com[39m
2024-12-14 16:08:36:836 [32minfo[39m: [32mLogin attempt for email: suwatchoopradit@gmail.com[39m
2024-12-14 16:08:36:836 [32minfo[39m: [32mUser logged in successfully: suwatchoopradit@gmail.com[39m
2024-12-14 16:20:21:2021 [32minfo[39m: [32mLogin attempt for email: suwatchoopradit@gmail.com[39m
2024-12-14 16:20:21:2021 [32minfo[39m: [32mUser logged in successfully: suwatchoopradit@gmail.com[39m
2024-12-14 16:23:57:2357 [32minfo[39m: [32mLogin attempt for email: suwatchoopradit@gmail.com[39m
2024-12-14 16:23:57:2357 [32minfo[39m: [32mUser logged in successfully: suwatchoopradit@gmail.com[39m
2024-12-24 00:07:39:739 [32minfo[39m: [32mLogin attempt for email: suwatchoopradit@gmail.com[39m
2024-12-24 00:07:39:739 [32minfo[39m: [32mUser logged in successfully: suwatchoopradit@gmail.com[39m
2024-12-24 00:08:01:81 [32minfo[39m: [32mLogin attempt for email: suwatchoopradit@gmail.com[39m
2024-12-24 00:08:01:81 [32minfo[39m: [32mUser logged in successfully: suwatchoopradit@gmail.com[39m
