2024-12-08 13:00:28:028 [32minfo[39m: [32mMongoDB Connected: villa-shard-00-00.rdouf.mongodb.net[39m
2024-12-08 13:00:28:028 [32minfo[39m: [32mMongoDB Connected: villa-shard-00-00.rdouf.mongodb.net[39m
2024-12-08 13:00:28:028 [32minfo[39m: [32mServer running in undefined mode on port 5001[39m
2024-12-08 13:00:28:028 [32minfo[39m: [32mMongoDB Connected: villa-shard-00-01.rdouf.mongodb.net[39m
2024-12-08 13:00:43:043 [32minfo[39m: [32mMongoDB Connected: villa-shard-00-00.rdouf.mongodb.net[39m
2024-12-08 13:01:22:122 [32minfo[39m: [32mMongoDB Connected: villa-shard-00-00.rdouf.mongodb.net[39m
2024-12-08 13:02:06:26 [32minfo[39m: [32mMongoDB Connected: villa-shard-00-00.rdouf.mongodb.net[39m
2024-12-08 13:02:06:26 [32minfo[39m: [32mServer running in undefined mode on port 5001[39m
2024-12-08 13:07:34:734 [32minfo[39m: [32mMongoDB Connected: villa-shard-00-00.rdouf.mongodb.net[39m
2024-12-08 13:07:34:734 [32minfo[39m: [32mServer running in undefined mode on port 5001[39m
2024-12-08 13:10:26:1026 [32minfo[39m: [32mMongoDB Connected: villa-shard-00-01.rdouf.mongodb.net[39m
2024-12-08 13:10:36:1036 [32minfo[39m: [32mServer closed[39m
2024-12-08 13:10:58:1058 [32minfo[39m: [32mMongoDB Connected: villa-shard-00-01.rdouf.mongodb.net[39m
2024-12-08 13:10:58:1058 [32minfo[39m: [32mServer running in undefined mode on port 5001[39m
2024-12-08 13:11:53:1153 [32minfo[39m: [32mMongoDB Connected: villa-shard-00-01.rdouf.mongodb.net[39m
2024-12-08 13:11:53:1153 [32minfo[39m: [32mMongoDB Connected: villa-shard-00-01.rdouf.mongodb.net[39m
2024-12-08 13:11:53:1153 [32minfo[39m: [32mMongoDB Connected: villa-shard-00-01.rdouf.mongodb.net[39m
2024-12-08 13:11:53:1153 [32minfo[39m: [32mMongoDB Connected: villa-shard-00-01.rdouf.mongodb.net[39m
2024-12-08 13:11:53:1153 [32minfo[39m: [32mMongoDB Connected: villa-shard-00-01.rdouf.mongodb.net[39m
2024-12-08 13:11:53:1153 [32minfo[39m: [32mServer running in undefined mode on port 5001[39m
2024-12-08 13:12:15:1215 [32minfo[39m: [32mMongoDB Connected: villa-shard-00-01.rdouf.mongodb.net[39m
2024-12-08 13:12:15:1215 [32minfo[39m: [32mServer running in undefined mode on port 5001[39m
2024-12-08 13:14:12:1412 [32minfo[39m: [32mMongoDB Connected: villa-shard-00-01.rdouf.mongodb.net[39m
2024-12-08 13:15:26:1526 [32minfo[39m: [32mMongoDB Connected: villa-shard-00-02.rdouf.mongodb.net[39m
2024-12-08 13:15:26:1526 [32minfo[39m: [32mServer running in undefined mode on port 5001[39m
2024-12-08 13:15:59:1559 [32minfo[39m: [32mMongoDB Connected: villa-shard-00-02.rdouf.mongodb.net[39m
2024-12-08 13:15:59:1559 [32minfo[39m: [32mServer running in undefined mode on port 5001[39m
2024-12-08 13:16:18:1618 [32minfo[39m: [32mMongoDB Connected: villa-shard-00-02.rdouf.mongodb.net[39m
2024-12-08 13:16:18:1618 [32minfo[39m: [32mServer running in undefined mode on port 5001[39m
2024-12-08 13:16:39:1639 [32minfo[39m: [32mServer running on port 5001[39m
2024-12-08 13:16:40:1640 [32minfo[39m: [32mMongoDB Connected Successfully[39m
2024-12-08 13:17:31:1731 [32minfo[39m: [32mServer running on port 5001[39m
2024-12-08 13:17:35:1735 [32minfo[39m: [32mMongoDB Connected Successfully[39m
2024-12-08 13:18:39:1839 [32minfo[39m: [32mServer running on port 5001[39m
2024-12-08 13:18:39:1839 [32minfo[39m: [32mMongoDB Connected Successfully[39m
2024-12-08 13:19:50:1950 [32minfo[39m: [32mServer running on port 5001[39m
2024-12-08 13:19:51:1951 [32minfo[39m: [32mMongoDB Connected Successfully[39m
2024-12-08 13:20:43:2043 [32minfo[39m: [32mServer running on port 5001[39m
2024-12-08 13:20:44:2044 [32minfo[39m: [32mMongoDB Connected Successfully[39m
2024-12-08 13:23:07:237 [32minfo[39m: [32mServer running on port 5001[39m
2024-12-08 13:23:07:237 [32minfo[39m: [32mMongoDB Connected Successfully[39m
2024-12-08 13:25:49:2549 [32minfo[39m: [32mServer running on port 5001[39m
2024-12-08 13:25:50:2550 [32minfo[39m: [32mMongoDB Connected Successfully[39m
2024-12-08 13:26:07:267 [32minfo[39m: [32mServer running on port 5001[39m
2024-12-08 13:26:07:267 [32minfo[39m: [32mMongoDB Connected Successfully[39m
2024-12-08 13:27:46:2746 [32minfo[39m: [32mServer running on port 5001[39m
2024-12-08 13:27:47:2747 [32minfo[39m: [32mMongoDB Connected Successfully[39m
2024-12-08 13:48:48:4848 [32minfo[39m: [32mServer running on port 5001[39m
2024-12-08 13:48:49:4849 [32minfo[39m: [32mMongoDB Connected Successfully[39m
2024-12-08 13:49:05:495 [32minfo[39m: [32mServer running on port 5001[39m
2024-12-08 13:49:06:496 [32minfo[39m: [32mMongoDB Connected Successfully[39m
2024-12-08 13:51:09:519 [32minfo[39m: [32mServer running on port 5001[39m
2024-12-08 13:51:10:5110 [32minfo[39m: [32mMongoDB Connected Successfully[39m
2024-12-08 14:04:45:445 [32minfo[39m: [32mServer running on port 5001[39m
2024-12-08 14:04:45:445 [32minfo[39m: [32mMongoDB Connected Successfully[39m
2024-12-08 14:04:56:456 [32minfo[39m: [32mServer running on port 5001[39m
2024-12-08 14:04:57:457 [32minfo[39m: [32mMongoDB Connected Successfully[39m
2024-12-08 14:08:50:850 [32minfo[39m: [32mServer running on port 5001[39m
2024-12-08 14:08:51:851 [32minfo[39m: [32mMongoDB Connected Successfully[39m
2024-12-08 14:12:11:1211 [32minfo[39m: [32mServer running on port 5001[39m
2024-12-08 14:12:12:1212 [32minfo[39m: [32mMongoDB Connected Successfully[39m
2024-12-08 14:12:31:1231 [32minfo[39m: [32mServer running on port 5001[39m
2024-12-08 14:12:32:1232 [32minfo[39m: [32mMongoDB Connected Successfully[39m
2024-12-08 14:22:28:2228 [32minfo[39m: [32mServer closed[39m
2024-12-08 14:36:01:361 [32minfo[39m: [32mServer running on port 5001[39m
2024-12-08 14:36:02:362 [32minfo[39m: [32mMongoDB Connected Successfully[39m
2024-12-08 14:40:37:4037 [32minfo[39m: [32mServer running on port 5001[39m
2024-12-08 14:40:37:4037 [32minfo[39m: [32mMongoDB Connected Successfully[39m
2024-12-08 14:41:10:4110 [32minfo[39m: [32mServer running on port 5001[39m
2024-12-08 14:41:11:4111 [32minfo[39m: [32mMongoDB Connected Successfully[39m
2024-12-08 14:41:22:4122 [32minfo[39m: [32mServer running on port 5001[39m
2024-12-08 14:41:23:4123 [32minfo[39m: [32mMongoDB Connected Successfully[39m
2024-12-08 14:41:32:4132 [32minfo[39m: [32mServer running on port 5001[39m
2024-12-08 14:41:36:4136 [32minfo[39m: [32mMongoDB Connected Successfully[39m
2024-12-08 14:44:10:4410 [32minfo[39m: [32mServer closed[39m
2024-12-08 14:49:19:4919 [32minfo[39m: [32mServer running on port 5001[39m
2024-12-08 14:49:21:4921 [32minfo[39m: [32mMongoDB Connected Successfully[39m
2024-12-08 14:50:49:5049 [32minfo[39m: [32mServer running on port 5001[39m
2024-12-08 14:50:50:5050 [32minfo[39m: [32mConnected to MongoDB[39m
2024-12-08 14:51:20:5120 [32minfo[39m: [32mServer running on port 5001[39m
2024-12-08 14:51:20:5120 [32minfo[39m: [32mConnected to MongoDB[39m
2024-12-08 14:51:31:5131 [32minfo[39m: [32mServer running on port 5001[39m
2024-12-08 14:51:31:5131 [32minfo[39m: [32mConnected to MongoDB[39m
2024-12-08 14:51:52:5152 [32minfo[39m: [32mServer closed[39m
2024-12-08 14:52:01:521 [32minfo[39m: [32mServer running on port 5001[39m
2024-12-08 14:52:02:522 [32minfo[39m: [32mConnected to MongoDB[39m
2024-12-08 14:53:57:5357 [31merror[39m: [31mUNCAUGHT EXCEPTION! Shutting down...[39m
2024-12-08 14:55:17:5517 [32minfo[39m: [32mServer running on port 5001[39m
2024-12-08 14:55:18:5518 [32minfo[39m: [32mMongoDB Connected Successfully[39m
2024-12-08 15:57:16:5716 [32minfo[39m: [32mServer running on port 5001[39m
2024-12-08 15:57:17:5717 [32minfo[39m: [32mMongoDB Connected Successfully[39m
2024-12-08 16:00:07:07 [32minfo[39m: [32mServer running on port 5001[39m
2024-12-08 16:00:08:08 [32minfo[39m: [32mMongoDB Connected Successfully[39m
2024-12-08 16:00:42:042 [32minfo[39m: [32mServer running on port 5001[39m
2024-12-08 16:00:43:043 [32minfo[39m: [32mMongoDB Connected Successfully[39m
2024-12-08 16:00:53:053 [32minfo[39m: [32mServer running on port 5001[39m
2024-12-08 16:00:53:053 [32minfo[39m: [32mMongoDB Connected Successfully[39m
2024-12-08 16:03:03:33 [32minfo[39m: [32mServer running on port 5001[39m
2024-12-08 16:03:06:36 [32minfo[39m: [32mMongoDB Connected Successfully[39m
2024-12-08 16:03:38:338 [32minfo[39m: [32mServer closed[39m
2024-12-08 16:03:52:352 [32minfo[39m: [32mServer running on port 5001[39m
2024-12-08 16:03:52:352 [32minfo[39m: [32mMongoDB Connected Successfully[39m
2024-12-08 16:05:07:57 [32minfo[39m: [32mServer closed[39m
2024-12-08 16:05:18:518 [32minfo[39m: [32mServer running on port 5001[39m
2024-12-08 16:05:18:518 [32minfo[39m: [32mMongoDB Connected Successfully[39m
2024-12-08 16:06:57:657 [31merror[39m: [31mUNCAUGHT EXCEPTION! Shutting down...[39m
2024-12-08 16:07:15:715 [32minfo[39m: [32mServer running on port 5001[39m
2024-12-08 16:07:15:715 [32minfo[39m: [32mMongoDB Connected Successfully[39m
2024-12-08 16:08:35:835 [32minfo[39m: [32mServer running on port 5001[39m
2024-12-08 16:08:36:836 [32minfo[39m: [32mMongoDB Connected Successfully[39m
2024-12-08 16:08:48:848 [32minfo[39m: [32mServer running on port 5001[39m
2024-12-08 16:08:48:848 [32minfo[39m: [32mMongoDB Connected Successfully[39m
2024-12-08 16:09:13:913 [32minfo[39m: [32mServer running on port 5001[39m
2024-12-08 16:09:13:913 [32minfo[39m: [32mMongoDB Connected Successfully[39m
2024-12-08 16:10:58:1058 [32minfo[39m: [32mServer running on port 5001[39m
2024-12-08 16:10:58:1058 [32minfo[39m: [32mMongoDB Connected Successfully[39m
2024-12-08 16:20:44:2044 [32minfo[39m: [32mServer running on port 5001[39m
2024-12-08 16:20:45:2045 [32minfo[39m: [32mMongoDB Connected Successfully[39m
2024-12-08 16:32:09:329 [32minfo[39m: [32mServer running on port 5001[39m
2024-12-08 16:32:10:3210 [32minfo[39m: [32mMongoDB Connected Successfully[39m
2024-12-08 16:35:14:3514 [31merror[39m: [31mUNCAUGHT EXCEPTION! Shutting down...[39m
2024-12-08 16:38:50:3850 [32minfo[39m: [32mServer running on port 5001[39m
2024-12-08 16:38:51:3851 [32minfo[39m: [32mMongoDB Connected Successfully[39m
2024-12-08 17:06:55:655 [31merror[39m: [31m404 - Can't find /api/bookings/availability?checkIn=2024-12-17T17:00:00.000Z&checkOut=2024-12-18T17:00:00.000Z on this server![39m
2024-12-08 17:33:54:3354 [32minfo[39m: [32mServer running on port 5001[39m
2024-12-08 17:33:55:3355 [32minfo[39m: [32mMongoDB Connected Successfully[39m
2024-12-08 17:36:29:3629 [32minfo[39m: [32mServer running on port 5001[39m
2024-12-08 17:36:30:3630 [32minfo[39m: [32mMongoDB Connected Successfully[39m
2024-12-08 17:37:16:3716 [32minfo[39m: [32mServer running on port 5001[39m
2024-12-08 17:37:20:3720 [32minfo[39m: [32mMongoDB Connected Successfully[39m
2024-12-14 16:07:24:724 [32minfo[39m: [32mServer running on port 5001[39m
2024-12-14 16:07:25:725 [32minfo[39m: [32mMongoDB Connected Successfully[39m
2024-12-14 16:14:34:1434 [32minfo[39m: [32mServer running on port 5001[39m
2024-12-14 16:14:35:1435 [32minfo[39m: [32mMongoDB Connected Successfully[39m
2024-12-14 16:19:15:1915 [32minfo[39m: [32mServer running on port 5001[39m
2024-12-14 16:19:15:1915 [32minfo[39m: [32mMongoDB Connected Successfully[39m
2024-12-14 16:35:12:3512 [32minfo[39m: [32mServer running on port 5001[39m
2024-12-14 16:35:12:3512 [32minfo[39m: [32mMongoDB Connected Successfully[39m
2024-12-14 16:35:34:3534 [32minfo[39m: [32mServer running on port 5001[39m
2024-12-14 16:35:34:3534 [32minfo[39m: [32mMongoDB Connected Successfully[39m
2024-12-14 16:38:40:3840 [32minfo[39m: [32mServer running on port 5001[39m
2024-12-14 16:38:40:3840 [32minfo[39m: [32mMongoDB Connected Successfully[39m
2024-12-14 16:39:03:393 [32minfo[39m: [32mServer running on port 5001[39m
2024-12-14 16:39:04:394 [32minfo[39m: [32mMongoDB Connected Successfully[39m
2024-12-14 16:42:29:4229 [32minfo[39m: [32mServer running on port 5001[39m
2024-12-14 16:42:29:4229 [32minfo[39m: [32mMongoDB Connected Successfully[39m
2024-12-14 17:02:40:240 [32minfo[39m: [32mServer running on port 5001[39m
2024-12-14 17:02:40:240 [32minfo[39m: [32mMongoDB Connected Successfully[39m
2024-12-14 17:02:48:248 [32minfo[39m: [32mServer running on port 5001[39m
2024-12-14 17:02:48:248 [32minfo[39m: [32mMongoDB Connected Successfully[39m
2024-12-14 17:02:55:255 [32minfo[39m: [32mServer running on port 5001[39m
2024-12-14 17:02:55:255 [32minfo[39m: [32mMongoDB Connected Successfully[39m
2024-12-14 17:04:08:48 [32minfo[39m: [32mServer running on port 5001[39m
2024-12-14 17:04:09:49 [32minfo[39m: [32mMongoDB Connected Successfully[39m
2024-12-14 17:05:45:545 [32minfo[39m: [32mServer running on port 5001[39m
2024-12-14 17:05:46:546 [32minfo[39m: [32mMongoDB Connected Successfully[39m
2024-12-14 17:06:02:62 [32minfo[39m: [32mServer running on port 5001[39m
2024-12-14 17:06:03:63 [32minfo[39m: [32mMongoDB Connected Successfully[39m
2024-12-14 17:06:15:615 [32minfo[39m: [32mServer running on port 5001[39m
2024-12-14 17:06:16:616 [32minfo[39m: [32mMongoDB Connected Successfully[39m
2024-12-14 17:07:20:720 [32minfo[39m: [32mServer running on port 5001[39m
2024-12-14 17:07:20:720 [32minfo[39m: [32mMongoDB Connected Successfully[39m
2024-12-14 17:09:15:915 [32minfo[39m: [32mServer running on port 5001[39m
2024-12-14 17:09:15:915 [32minfo[39m: [32mMongoDB Connected Successfully[39m
2024-12-14 17:09:44:944 [32minfo[39m: [32mServer running on port 5001[39m
2024-12-14 17:09:45:945 [32minfo[39m: [32mMongoDB Connected Successfully[39m
2024-12-14 17:12:44:1244 [32minfo[39m: [32mServer running on port 5001[39m
2024-12-14 17:12:45:1245 [32minfo[39m: [32mMongoDB Connected Successfully[39m
2024-12-14 17:13:04:134 [32minfo[39m: [32mServer running on port 5001[39m
2024-12-14 17:13:04:134 [32minfo[39m: [32mMongoDB Connected Successfully[39m
2024-12-14 17:14:03:143 [32minfo[39m: [32mServer running on port 5001[39m
2024-12-14 17:14:04:144 [32minfo[39m: [32mMongoDB Connected Successfully[39m
2024-12-14 17:14:20:1420 [32minfo[39m: [32mServer running on port 5001[39m
2024-12-14 17:14:20:1420 [32minfo[39m: [32mMongoDB Connected Successfully[39m
2024-12-14 17:15:04:154 [32minfo[39m: [32mServer running on port 5001[39m
2024-12-14 17:15:04:154 [32minfo[39m: [32mMongoDB Connected Successfully[39m
2024-12-14 17:17:56:1756 [32minfo[39m: [32mServer running on port 5001[39m
2024-12-14 17:17:56:1756 [32minfo[39m: [32mMongoDB Connected Successfully[39m
2024-12-14 17:18:43:1843 [32minfo[39m: [32mServer running on port 5001[39m
2024-12-14 17:18:43:1843 [32minfo[39m: [32mMongoDB Connected Successfully[39m
2024-12-14 17:19:38:1938 [32minfo[39m: [32mServer running on port 5001[39m
2024-12-14 17:19:39:1939 [32minfo[39m: [32mMongoDB Connected Successfully[39m
2024-12-14 17:19:50:1950 [32minfo[39m: [32mServer running on port 5001[39m
2024-12-14 17:19:51:1951 [32minfo[39m: [32mMongoDB Connected Successfully[39m
2024-12-14 17:19:59:1959 [32minfo[39m: [32mServer running on port 5001[39m
2024-12-14 17:19:59:1959 [32minfo[39m: [32mMongoDB Connected Successfully[39m
2024-12-14 17:21:33:2133 [32minfo[39m: [32mServer running on port 5001[39m
2024-12-14 17:21:34:2134 [32minfo[39m: [32mMongoDB Connected Successfully[39m
2024-12-14 17:21:44:2144 [32minfo[39m: [32mServer running on port 5001[39m
2024-12-14 17:21:44:2144 [32minfo[39m: [32mMongoDB Connected Successfully[39m
2024-12-14 17:22:59:2259 [32minfo[39m: [32mServer running on port 5001[39m
2024-12-14 17:23:00:230 [32minfo[39m: [32mMongoDB Connected Successfully[39m
2024-12-14 17:26:19:2619 [32minfo[39m: [32mServer running on port 5001[39m
2024-12-14 17:26:20:2620 [32minfo[39m: [32mMongoDB Connected Successfully[39m
2024-12-14 17:26:29:2629 [32minfo[39m: [32mServer running on port 5001[39m
2024-12-14 17:26:29:2629 [32minfo[39m: [32mMongoDB Connected Successfully[39m
2024-12-14 17:28:16:2816 [32minfo[39m: [32mServer running on port 5001[39m
2024-12-14 17:28:17:2817 [32minfo[39m: [32mMongoDB Connected Successfully[39m
2024-12-14 17:33:27:3327 [32minfo[39m: [32mServer running on port 5001[39m
2024-12-14 17:33:27:3327 [32minfo[39m: [32mMongoDB Connected Successfully[39m
2024-12-14 17:34:01:341 [32minfo[39m: [32mServer running on port 5001[39m
2024-12-14 17:34:02:342 [32minfo[39m: [32mMongoDB Connected Successfully[39m
2024-12-14 17:52:02:522 [32minfo[39m: [32mServer running on port 5001[39m
2024-12-14 17:52:03:523 [32minfo[39m: [32mMongoDB Connected Successfully[39m
2024-12-14 17:52:14:5214 [32minfo[39m: [32mServer running on port 5001[39m
2024-12-14 17:52:15:5215 [32minfo[39m: [32mMongoDB Connected Successfully[39m
2024-12-14 17:52:29:5229 [32minfo[39m: [32mServer running on port 5001[39m
2024-12-14 17:52:29:5229 [32minfo[39m: [32mMongoDB Connected Successfully[39m
2024-12-14 17:53:27:5327 [32minfo[39m: [32mServer running on port 5001[39m
2024-12-14 17:53:28:5328 [32minfo[39m: [32mMongoDB Connected Successfully[39m
2024-12-14 17:54:09:549 [32minfo[39m: [32mServer running on port 5001[39m
2024-12-14 17:54:09:549 [32minfo[39m: [32mMongoDB Connected Successfully[39m
2024-12-14 17:54:51:5451 [32minfo[39m: [32mServer running on port 5001[39m
2024-12-14 17:54:52:5452 [32minfo[39m: [32mMongoDB Connected Successfully[39m
2024-12-14 17:55:26:5526 [32minfo[39m: [32mServer running on port 5001[39m
2024-12-14 17:55:26:5526 [32minfo[39m: [32mMongoDB Connected Successfully[39m
2024-12-14 18:05:27:527 [32minfo[39m: [32mServer running on port 5001[39m
2024-12-14 18:05:28:528 [32minfo[39m: [32mMongoDB Connected Successfully[39m
2024-12-14 18:14:24:1424 [32minfo[39m: [32mServer running on port 5001[39m
2024-12-14 18:14:25:1425 [32minfo[39m: [32mMongoDB Connected Successfully[39m
2024-12-14 18:20:25:2025 [32minfo[39m: [32mServer running on port 5001[39m
2024-12-14 18:20:26:2026 [32minfo[39m: [32mMongoDB Connected Successfully[39m
2024-12-14 18:26:25:2625 [32minfo[39m: [32mServer running on port 5001[39m
2024-12-14 18:26:26:2626 [32minfo[39m: [32mMongoDB Connected Successfully[39m
2024-12-14 18:30:54:3054 [32minfo[39m: [32mServer running on port 5001[39m
2024-12-14 18:30:54:3054 [32minfo[39m: [32mMongoDB Connected Successfully[39m
2024-12-14 18:44:03:443 [32minfo[39m: [32mServer running on port 5001[39m
2024-12-14 18:44:04:444 [32minfo[39m: [32mMongoDB Connected Successfully[39m
2024-12-14 18:46:26:4626 [32minfo[39m: [32mServer running on port 5001[39m
2024-12-14 18:46:27:4627 [32minfo[39m: [32mMongoDB Connected Successfully[39m
2024-12-14 18:47:02:472 [32minfo[39m: [32mServer running on port 5001[39m
2024-12-14 18:47:03:473 [32minfo[39m: [32mMongoDB Connected Successfully[39m
2024-12-14 18:48:59:4859 [32minfo[39m: [32mServer running on port 5001[39m
2024-12-14 18:49:00:490 [32minfo[39m: [32mMongoDB Connected Successfully[39m
2024-12-14 18:49:27:4927 [32minfo[39m: [32mServer running on port 5001[39m
2024-12-14 18:49:27:4927 [32minfo[39m: [32mMongoDB Connected Successfully[39m
2024-12-14 18:49:44:4944 [32minfo[39m: [32mServer running on port 5001[39m
2024-12-14 18:49:45:4945 [32minfo[39m: [32mMongoDB Connected Successfully[39m
2024-12-14 18:50:09:509 [32minfo[39m: [32mServer running on port 5001[39m
2024-12-14 18:50:10:5010 [32minfo[39m: [32mMongoDB Connected Successfully[39m
2024-12-14 18:50:18:5018 [32minfo[39m: [32mServer closed[39m
2024-12-14 18:50:22:5022 [32minfo[39m: [32mServer running on port 5001[39m
2024-12-14 18:50:22:5022 [32minfo[39m: [32mMongoDB Connected Successfully[39m
2024-12-14 18:52:42:5242 [32minfo[39m: [32mServer running on port 5001[39m
2024-12-14 18:52:44:5244 [32minfo[39m: [32mMongoDB Connected Successfully[39m
2024-12-14 18:56:51:5651 [32minfo[39m: [32mServer running on port 5001[39m
2024-12-14 18:56:52:5652 [32minfo[39m: [32mMongoDB Connected Successfully[39m
2024-12-14 18:59:45:5945 [32minfo[39m: [32mServer running on port 5001[39m
2024-12-14 18:59:45:5945 [32minfo[39m: [32mMongoDB Connected Successfully[39m
2024-12-14 19:00:04:04 [32minfo[39m: [32mServer running on port 5001[39m
2024-12-14 19:00:05:05 [32minfo[39m: [32mMongoDB Connected Successfully[39m
2024-12-14 19:00:12:012 [32minfo[39m: [32mServer running on port 5001[39m
2024-12-14 19:00:13:013 [32minfo[39m: [32mMongoDB Connected Successfully[39m
2024-12-14 19:13:04:134 [32minfo[39m: [32mServer running on port 5001[39m
2024-12-14 19:13:05:135 [32minfo[39m: [32mMongoDB Connected Successfully[39m
2024-12-14 19:21:23:2123 [32minfo[39m: [32mServer running on port 5001[39m
2024-12-14 19:21:24:2124 [32minfo[39m: [32mMongoDB Connected Successfully[39m
2024-12-14 20:10:56:1056 [32minfo[39m: [32mServer running on port 5001[39m
2024-12-14 20:10:57:1057 [32minfo[39m: [32mMongoDB Connected Successfully[39m
2024-12-14 20:13:53:1353 [32minfo[39m: [32mServer running on port 5001[39m
2024-12-14 20:13:54:1354 [32minfo[39m: [32mMongoDB Connected Successfully[39m
2024-12-14 20:30:45:3045 [32minfo[39m: [32mServer running on port 5001[39m
2024-12-14 20:30:46:3046 [32minfo[39m: [32mMongoDB Connected Successfully[39m
2024-12-14 20:32:20:3220 [32minfo[39m: [32mServer running on port 5001[39m
2024-12-14 20:32:21:3221 [32minfo[39m: [32mMongoDB Connected Successfully[39m
2024-12-14 20:32:30:3230 [32minfo[39m: [32mServer closed[39m
2024-12-14 20:45:30:4530 [32minfo[39m: [32mServer running on port 5001[39m
2024-12-14 20:45:30:4530 [32minfo[39m: [32mMongoDB Connected Successfully[39m
2024-12-14 20:45:56:4556 [32minfo[39m: [32mServer running on port 5001[39m
2024-12-14 20:45:57:4557 [32minfo[39m: [32mMongoDB Connected Successfully[39m
2024-12-14 20:47:24:4724 [32minfo[39m: [32mServer running on port 5001[39m
2024-12-14 20:47:25:4725 [32minfo[39m: [32mMongoDB Connected Successfully[39m
2024-12-14 20:47:33:4733 [32minfo[39m: [32mServer running on port 5001[39m
2024-12-14 20:47:34:4734 [32minfo[39m: [32mMongoDB Connected Successfully[39m
2024-12-14 20:47:52:4752 [32minfo[39m: [32mServer closed[39m
2024-12-14 21:18:57:1857 [32minfo[39m: [32mServer running on port 5001[39m
2024-12-14 21:18:58:1858 [32minfo[39m: [32mMongoDB Connected Successfully[39m
2024-12-14 21:22:05:225 [32minfo[39m: [32mServer running on port 5001[39m
2024-12-14 21:22:06:226 [32minfo[39m: [32mMongoDB Connected Successfully[39m
2024-12-14 21:22:34:2234 [32minfo[39m: [32mServer closed[39m
2024-12-14 21:23:04:234 [32minfo[39m: [32mServer running on port 5001[39m
2024-12-14 21:23:05:235 [32minfo[39m: [32mMongoDB Connected Successfully[39m
2024-12-14 21:24:01:241 [32minfo[39m: [32mServer closed[39m
